2023-09-26 10:00:00 - INFO - Application started.
2023-09-26 10:02:30 - INFO - User 'alice' logged in.
2023-09-26 10:05:45 - WARNING - Disk space is running low.
2023-09-26 10:10:20 - ERROR - Database connection failed.
2023-09-26 10:15:00 - INFO - Processing request ID 12345.
2023-09-26 10:20:30 - INFO - Processing request ID 12346.
2023-09-26 10:25:15 - ERROR - Application encountered an unexpected error.
2023-09-26 10:30:50 - WARNING - Unauthorized access attempt by IP 192.168.1.100.
2023-09-26 10:35:10 - INFO - User 'bob' logged in.
2023-09-26 10:40:55 - INFO - File 'document.txt' uploaded by user 'charlie'.
2023-09-26 10:45:30 - ERROR - Out of memory, application crashed.
2023-09-26 10:50:20 - INFO - Backup process started.
2023-09-26 10:55:45 - INFO - Backup process completed successfully.
2023-09-26 11:00:10 - INFO - User 'dave' logged in.
2023-09-26 11:05:30 - WARNING - Unauthorized access attempt by IP 192.168.1.101.
2023-09-26 11:10:15 - ERROR - File 'report.pdf' not found.
2023-09-26 11:15:40 - INFO - Application updated to version 2.0.
2023-09-26 11:20:05 - INFO - User 'eve' logged in.
2023-09-26 11:25:30 - INFO - Processing request ID 12347.
2023-09-26 11:30:00 - ERROR - Server overload, response time increased.
